10:56:56.007 ERROR c.d.f.a.r.HotelReservationRemoteServiceImpl:33-com.derbysoft.flightcentre.adapter.exception.FlightCentreAdapterException: M
	at org.easymock.internal.MockInvocationHandler.invoke(MockInvocationHandler.java:46)
	at org.easymock.internal.ObjectMethodsFilter.invoke(ObjectMethodsFilter.java:94)
	at com.derbysoft.flightcentre.adapter.service.HotelReservationService$$EnhancerByCGLIB$$50c7e29d.makeReservation(<generated>)
	at com.derbysoft.flightcentre.adapter.remote.HotelReservationRemoteServiceImpl.makeReservation(HotelReservationRemoteServiceImpl.java:31)
	at com.derbysoft.flightcentre.adapter.remote.HotelReservationRemoteServiceImplTest.testMakeReservationWithDuplicateReservationException(HotelReservationRemoteServiceImplTest.java:48)
10:56:56.021 ERROR c.d.f.a.r.HotelAvailabilityRemoteServiceImpl:33-com.derbysoft.flightcentre.adapter.exception.FlightCentreAdapterException: M
	at org.easymock.internal.MockInvocationHandler.invoke(MockInvocationHandler.java:46)
	at org.easymock.internal.ObjectMethodsFilter.invoke(ObjectMethodsFilter.java:94)
	at com.derbysoft.flightcentre.adapter.service.HotelAvailabilityService$$EnhancerByCGLIB$$f31e664c.getAvailability(<generated>)
	at com.derbysoft.flightcentre.adapter.remote.HotelAvailabilityRemoteServiceImpl.getNoCachedAvailability(HotelAvailabilityRemoteServiceImpl.java:31)
	at com.derbysoft.flightcentre.adapter.remote.HotelAvailabilityRemoteServiceImplTest.testGetNoCachedAvailabilityWithException(HotelAvailabilityRemoteServiceImplTest.java:58)
10:56:56.537 ERROR c.d.f.a.t.CityCodeTranslator:38-Channel: channel Hotel: hotel2 Not Found
10:56:56.538 ERROR c.d.f.a.t.CityCodeTranslator:38-Channel: channel Hotel: hotel1 Not Found
10:56:56.538 ERROR c.d.f.a.t.CityCodeTranslator:38-Channel: channel Hotel: hotel2 Not Found
15:56:39.273 ERROR c.d.f.a.r.HotelAvailabilityRemoteServiceImpl:33-com.derbysoft.flightcentre.adapter.exception.FlightCentreAdapterException: M
	at org.easymock.internal.MockInvocationHandler.invoke(MockInvocationHandler.java:46)
	at org.easymock.internal.ObjectMethodsFilter.invoke(ObjectMethodsFilter.java:94)
	at com.derbysoft.flightcentre.adapter.service.HotelAvailabilityService$$EnhancerByCGLIB$$f31e664c.getAvailability(<generated>)
	at com.derbysoft.flightcentre.adapter.remote.HotelAvailabilityRemoteServiceImpl.getNoCachedAvailability(HotelAvailabilityRemoteServiceImpl.java:31)
	at com.derbysoft.flightcentre.adapter.remote.HotelAvailabilityRemoteServiceImplTest.testGetNoCachedAvailabilityWithException(HotelAvailabilityRemoteServiceImplTest.java:58)
15:56:39.289 ERROR c.d.f.a.r.HotelReservationRemoteServiceImpl:33-com.derbysoft.flightcentre.adapter.exception.FlightCentreAdapterException: M
	at org.easymock.internal.MockInvocationHandler.invoke(MockInvocationHandler.java:46)
	at org.easymock.internal.ObjectMethodsFilter.invoke(ObjectMethodsFilter.java:94)
	at com.derbysoft.flightcentre.adapter.service.HotelReservationService$$EnhancerByCGLIB$$50c7e29d.makeReservation(<generated>)
	at com.derbysoft.flightcentre.adapter.remote.HotelReservationRemoteServiceImpl.makeReservation(HotelReservationRemoteServiceImpl.java:31)
	at com.derbysoft.flightcentre.adapter.remote.HotelReservationRemoteServiceImplTest.testMakeReservationWithDuplicateReservationException(HotelReservationRemoteServiceImplTest.java:48)
15:56:39.617 ERROR c.d.f.a.t.CityCodeTranslator:38-Channel: channel Hotel: hotel2 Not Found
15:56:39.623 ERROR c.d.f.a.t.CityCodeTranslator:38-Channel: channel Hotel: hotel1 Not Found
15:56:39.623 ERROR c.d.f.a.t.CityCodeTranslator:38-Channel: channel Hotel: hotel2 Not Found
16:27:49.462 ERROR c.d.f.a.r.HotelAvailabilityRemoteServiceImpl:33-com.derbysoft.flightcentre.adapter.exception.FlightCentreAdapterException: M
	at org.easymock.internal.MockInvocationHandler.invoke(MockInvocationHandler.java:46)
	at org.easymock.internal.ObjectMethodsFilter.invoke(ObjectMethodsFilter.java:94)
	at com.derbysoft.flightcentre.adapter.service.HotelAvailabilityService$$EnhancerByCGLIB$$f31e664c.getAvailability(<generated>)
	at com.derbysoft.flightcentre.adapter.remote.HotelAvailabilityRemoteServiceImpl.getNoCachedAvailability(HotelAvailabilityRemoteServiceImpl.java:31)
	at com.derbysoft.flightcentre.adapter.remote.HotelAvailabilityRemoteServiceImplTest.testGetNoCachedAvailabilityWithException(HotelAvailabilityRemoteServiceImplTest.java:58)
16:27:49.498 ERROR c.d.f.a.r.HotelReservationRemoteServiceImpl:33-com.derbysoft.flightcentre.adapter.exception.FlightCentreAdapterException: M
	at org.easymock.internal.MockInvocationHandler.invoke(MockInvocationHandler.java:46)
	at org.easymock.internal.ObjectMethodsFilter.invoke(ObjectMethodsFilter.java:94)
	at com.derbysoft.flightcentre.adapter.service.HotelReservationService$$EnhancerByCGLIB$$50c7e29d.makeReservation(<generated>)
	at com.derbysoft.flightcentre.adapter.remote.HotelReservationRemoteServiceImpl.makeReservation(HotelReservationRemoteServiceImpl.java:31)
	at com.derbysoft.flightcentre.adapter.remote.HotelReservationRemoteServiceImplTest.testMakeReservationWithDuplicateReservationException(HotelReservationRemoteServiceImplTest.java:48)
16:27:49.618 ERROR c.d.f.a.t.CityCodeTranslator:38-Channel: channel Hotel: hotel2 Not Found
16:27:49.627 ERROR c.d.f.a.t.CityCodeTranslator:38-Channel: channel Hotel: hotel1 Not Found
16:27:49.627 ERROR c.d.f.a.t.CityCodeTranslator:38-Channel: channel Hotel: hotel2 Not Found
16:28:13.777 ERROR c.d.f.a.r.HotelAvailabilityRemoteServiceImpl:33-com.derbysoft.flightcentre.adapter.exception.FlightCentreAdapterException: M
	at org.easymock.internal.MockInvocationHandler.invoke(MockInvocationHandler.java:46)
	at org.easymock.internal.ObjectMethodsFilter.invoke(ObjectMethodsFilter.java:94)
	at com.derbysoft.flightcentre.adapter.service.HotelAvailabilityService$$EnhancerByCGLIB$$f31e664c.getAvailability(<generated>)
	at com.derbysoft.flightcentre.adapter.remote.HotelAvailabilityRemoteServiceImpl.getNoCachedAvailability(HotelAvailabilityRemoteServiceImpl.java:31)
	at com.derbysoft.flightcentre.adapter.remote.HotelAvailabilityRemoteServiceImplTest.testGetNoCachedAvailabilityWithException(HotelAvailabilityRemoteServiceImplTest.java:58)
16:28:13.794 ERROR c.d.f.a.r.HotelReservationRemoteServiceImpl:33-com.derbysoft.flightcentre.adapter.exception.FlightCentreAdapterException: M
	at org.easymock.internal.MockInvocationHandler.invoke(MockInvocationHandler.java:46)
	at org.easymock.internal.ObjectMethodsFilter.invoke(ObjectMethodsFilter.java:94)
	at com.derbysoft.flightcentre.adapter.service.HotelReservationService$$EnhancerByCGLIB$$50c7e29d.makeReservation(<generated>)
	at com.derbysoft.flightcentre.adapter.remote.HotelReservationRemoteServiceImpl.makeReservation(HotelReservationRemoteServiceImpl.java:31)
	at com.derbysoft.flightcentre.adapter.remote.HotelReservationRemoteServiceImplTest.testMakeReservationWithDuplicateReservationException(HotelReservationRemoteServiceImplTest.java:48)
16:29:28.476 ERROR c.d.f.a.t.CityCodeTranslator:38-Channel: channel Hotel: hotel2 Not Found
16:29:28.483 ERROR c.d.f.a.t.CityCodeTranslator:38-Channel: channel Hotel: hotel1 Not Found
16:29:28.483 ERROR c.d.f.a.t.CityCodeTranslator:38-Channel: channel Hotel: hotel2 Not Found
18:02:32.531 ERROR c.d.f.a.r.HotelAvailabilityRemoteServiceImpl:33-com.derbysoft.flightcentre.adapter.exception.FlightCentreAdapterException: M
	at org.easymock.internal.MockInvocationHandler.invoke(MockInvocationHandler.java:46)
	at org.easymock.internal.ObjectMethodsFilter.invoke(ObjectMethodsFilter.java:94)
	at com.derbysoft.flightcentre.adapter.service.HotelAvailabilityService$$EnhancerByCGLIB$$f31e664c.getAvailability(<generated>)
	at com.derbysoft.flightcentre.adapter.remote.HotelAvailabilityRemoteServiceImpl.getNoCachedAvailability(HotelAvailabilityRemoteServiceImpl.java:31)
	at com.derbysoft.flightcentre.adapter.remote.HotelAvailabilityRemoteServiceImplTest.testGetNoCachedAvailabilityWithException(HotelAvailabilityRemoteServiceImplTest.java:58)
18:02:32.562 ERROR c.d.f.a.r.HotelReservationRemoteServiceImpl:33-com.derbysoft.flightcentre.adapter.exception.FlightCentreAdapterException: M
	at org.easymock.internal.MockInvocationHandler.invoke(MockInvocationHandler.java:46)
	at org.easymock.internal.ObjectMethodsFilter.invoke(ObjectMethodsFilter.java:94)
	at com.derbysoft.flightcentre.adapter.service.HotelReservationService$$EnhancerByCGLIB$$50c7e29d.makeReservation(<generated>)
	at com.derbysoft.flightcentre.adapter.remote.HotelReservationRemoteServiceImpl.makeReservation(HotelReservationRemoteServiceImpl.java:31)
	at com.derbysoft.flightcentre.adapter.remote.HotelReservationRemoteServiceImplTest.testMakeReservationWithDuplicateReservationException(HotelReservationRemoteServiceImplTest.java:48)
18:02:32.668 ERROR c.d.f.a.t.CityCodeTranslator:38-Channel: channel Hotel: hotel2 Not Found
18:02:32.677 ERROR c.d.f.a.t.CityCodeTranslator:38-Channel: channel Hotel: hotel1 Not Found
18:02:32.677 ERROR c.d.f.a.t.CityCodeTranslator:38-Channel: channel Hotel: hotel2 Not Found
